[2026-02-07 20:58:03.881] [DISPLAY] [Main ] [launcher] Opening log file.
[2026-02-07 20:58:03.886] [DISPLAY] [Main ] [startupinfo] Command line: "C:\Program Files\Rockstar Games\Launcher\Launcher.exe" -skipPatcherCheck -steamAppId=1174180 -steamLocation "C:\Program Files (x86)\Steam\steamapps\common\Red Dead Redemption 2" @args.txt
[2026-02-07 20:58:03.886] [DISPLAY] [Main ] [fileutils] Checking version: C:\Program Files\Rockstar Games\Launcher\Launcher.exe
[2026-02-07 20:58:03.887] [DISPLAY] [Main ] [startupinfo] P4 Version: 
[2026-02-07 20:58:03.887] [DISPLAY] [Main ] [startupinfo] RGL Branch: release_05
[2026-02-07 20:58:03.887] [DISPLAY] [Main ] [startupinfo] Version:    1.0.105.2733
[2026-02-07 20:58:03.887] [DISPLAY] [Main ] [startupinfo] Session ID: 
[2026-02-07 20:58:03.887] [DISPLAY] [Main ] [startupinfo] Name Hash:  00000000
[2026-02-07 20:58:03.887] [DISPLAY] [Main ] [startupinfo] Parameters:
[2026-02-07 20:58:03.887] [DISPLAY] [Main ] [startupinfo]     C:\Program Files\Rockstar Games\Launcher\Launcher.exe
[2026-02-07 20:58:03.887] [DISPLAY] [Main ] [startupinfo]     -skipPatcherCheck
[2026-02-07 20:58:03.887] [DISPLAY] [Main ] [startupinfo]     -steamAppId=1174180
[2026-02-07 20:58:03.887] [DISPLAY] [Main ] [startupinfo]     -steamLocation
[2026-02-07 20:58:03.887] [DISPLAY] [Main ] [startupinfo]     C:\Program Files (x86)\Steam\steamapps\common\Red Dead Redemption 2
[2026-02-07 20:58:03.887] [DISPLAY] [Main ] [startupinfo]     @args.txt
[2026-02-07 20:58:03.887] [DISPLAY] [Main ] [startup] Initial Working Directory: C:\Program Files (x86)\Steam\steamapps\common\Red Dead Redemption 2
[2026-02-07 20:58:03.888] [DISPLAY] [Main ] [startup] Working directory: C:\Program Files\Rockstar Games\Launcher
[2026-02-07 20:58:03.897] [DISPLAY] [Main ] [packfile] Initialize 'Launcher.rpf' - succeeded
[2026-02-07 20:58:03.897] [DISPLAY] [Main ] [localisation] Language updated to: 0
[2026-02-07 20:58:03.923] [DISPLAY] [Main ] [external] Creating Steam min mode launch
[2026-02-07 20:58:03.932] [DISPLAY] [Main ] [external] Steam App Id: 1174180
[2026-02-07 20:58:03.932] [DISPLAY] [Main ] [external] Steam Location: C:\Program Files (x86)\Steam\steamapps\common\Red Dead Redemption 2
[2026-02-07 20:58:03.933] [DISPLAY] [Main ] [metadatamanager] Read external Steam metadata: rdr2
[2026-02-07 20:58:03.933] [DISPLAY] [Main ] [external] App: rdr2
[2026-02-07 20:58:03.942] [DISPLAY] [Main ] [environment] SetEnvironment: prod
[2026-02-07 20:58:03.944] [ ERROR ] [Main ] [fileutils] Failed to delete directory: C:\Users\nicka\OneDrive\Documents\Rockstar Games\Red Dead Redemption\CrashLogs\attachments
[2026-02-07 20:58:03.945] [ ERROR ] [Main ] [fileutils] Failed to delete directory: C:\Users\nicka\OneDrive\Documents\Rockstar Games\Red Dead Redemption\CrashLogs\reports
[2026-02-07 20:58:03.946] [DISPLAY] [Main ] [subsystem] Init phase 1
[2026-02-07 20:58:03.946] [DISPLAY] [Main ] [fileutils] Checking version: C:\Program Files\Rockstar Games\Launcher\RockstarService.exe
[2026-02-07 20:58:03.947] [DISPLAY] [Main ] [svc] Service version: 1.0.105.2733 (1.0.105.2733)
[2026-02-07 20:58:03.947] [DISPLAY] [Main ] [svc] Starting service (attempt 1 / 3)...
[2026-02-07 20:58:03.959] [DISPLAY] [Main ] [titlestorage] Installed titles:
[2026-02-07 20:58:03.959] [DISPLAY] [Main ] [titlestorage]  Title                             Progress               Version              Location                                                    
[2026-02-07 20:58:03.973] [DISPLAY] [Main ] [fileutils] Checking version: C:\Program Files\Rockstar Games\Social Club\socialclub.dll
[2026-02-07 20:58:04.089] [DISPLAY] [Main ] [subsystem] Initializing group 0...
[2026-02-07 20:58:04.089] [DISPLAY] [Main ] [subsystem] Init phase 2
[2026-02-07 20:58:04.089] [DISPLAY] [Main ] [subsystem] Starting systems...
[2026-02-07 20:58:04.187] [DISPLAY] [Main ] [minmode] Overriding language from external game launch: en-US
[2026-02-07 20:58:04.187] [DISPLAY] [Main ] [localisation] Language updated to: 0
[2026-02-07 20:58:04.187] [DISPLAY] [Main ] [subsystem] Starting diag...
[2026-02-07 20:58:04.187] [DISPLAY] [Main ] [fileutils] Checking local versions...
[2026-02-07 20:58:04.187] [DISPLAY] [Main ] [fileutils] Checking version: C:\Program Files\Rockstar Games\Social Club\socialclub.dll
[2026-02-07 20:58:04.188] [DISPLAY] [Main ] [fileutils] Checking RGL version...
[2026-02-07 20:58:04.188] [DISPLAY] [Main ] [fileutils] Version: 2.4.0.146 | 1.0.105.2733 | FFP
[2026-02-07 20:58:04.188] [DISPLAY] [Main ] [subsystem] Starting net...
[2026-02-07 20:58:04.198] [DISPLAY] [Main ] [subsystem] Assigning pools...
[2026-02-07 20:58:04.198] [DISPLAY] [Main ] [subsystem] Initializing engine...
[2026-02-07 20:58:04.198] [DISPLAY] [Main ] [subsystem] Initializing group 1...
[2026-02-07 20:58:04.208] [DISPLAY] [Workr] [selfupdate] Up-to-date.
[2026-02-07 20:58:04.354] [DISPLAY] [bgsvc] [svc] Received response from service.
[2026-02-07 20:58:04.553] [DISPLAY] [Main ] [systemtray] System tray: enabled
[2026-02-07 20:58:04.556] [DISPLAY] [Main ] [launcher] Passed check: majorVersion(10.0.26200) >= 10
[2026-02-07 20:58:04.638] [DISPLAY] [http1] [idownloader] Starting download of 'https://gamedownloads-rockstargames-com.akamaized.net/public/launcher_online_config.xml'
[2026-02-07 20:58:05.927] [DISPLAY] [http1] [idownloader] Completed download of 'https://gamedownloads-rockstargames-com.akamaized.net/public/launcher_online_config.xml' (status: 0/200)
[2026-02-07 20:58:05.967] [DISPLAY] [Workr] [marketing_promo] No promotion manifest in memory, refreshing from cloud.
[2026-02-07 20:58:05.968] [DISPLAY] [Workr] [marketing_promo] Requesting new manifest
[2026-02-07 20:58:05.968] [DISPLAY] [Workr] [titlemanager] Downloading title list...
[2026-02-07 20:58:05.968] [DISPLAY] [Workr] [titlemanager] Downloading default title list (SCS)...
[2026-02-07 20:58:05.968] [DISPLAY] [Workr] [idownloader] Starting download of 'https://rgl-prod.ros.rockstargames.com/launcher/11/LauncherServices/App.asmx/GetDefaultApps?accessToken='
[2026-02-07 20:58:06.166] [DISPLAY] [Workr] [idownloader] Completed download of 'https://rgl-prod.ros.rockstargames.com/launcher/11/LauncherServices/App.asmx/GetDefaultApps?accessToken=' (status: 0/200)
[2026-02-07 20:58:06.166] [DISPLAY] [Workr] [services] Obtained NA-BAT
[2026-02-07 20:58:06.166] [DISPLAY] [Workr] [services] Parsed response from GetDefaultApps: 1 title(s), 1 branch(es)
[2026-02-07 20:58:06.166] [DISPLAY] [Workr] [titlemanager] Retrieved default title: launcher
[2026-02-07 20:58:06.166] [DISPLAY] [Workr] [titlemanager] Launcher tokens: BAT: false, NA-BAT: true
[2026-02-07 20:58:06.166] [DISPLAY] [Workr] [titlemanager] Title list updated.
[2026-02-07 20:58:06.166] [DISPLAY] [Workr] [launcher] Checking for self-update...
[2026-02-07 20:58:06.171] [DISPLAY] [Workr] [mergedmanifest] Using regular build for launcher
[2026-02-07 20:58:06.171] [DISPLAY] [Workr] [idownloader] Starting download of 'https://rgl-prod.ros.rockstargames.com/launcher/11/LauncherServices/App.asmx/GetBuildManifestFullNoAuth?branchAccessToken=BRANCHACCESS token="XOBwz01ANAqeTxe9MsCIHOSRyA5Pex1c7aHIW+JrWjYUnC0BbtfSr1KBbtyOTsGQBg8H309nBOGV1lGhGDBJq4AFi5nAQWB06fokVVE87ow=",signature="v2fZ3k12KmRvNuXQVh06v94nT6263+IF8QdhUTotMf0="'
[2026-02-07 20:58:06.390] [DISPLAY] [Workr] [idownloader] Completed download of 'https://rgl-prod.ros.rockstargames.com/launcher/11/LauncherServices/App.asmx/GetBuildManifestFullNoAuth?branchAccessToken=BRANCHACCESS token="XOBwz01ANAqeTxe9MsCIHOSRyA5Pex1c7aHIW+JrWjYUnC0BbtfSr1KBbtyOTsGQBg8H309nBOGV1lGhGDBJq4AFi5nAQWB06fokVVE87ow=",signature="v2fZ3k12KmRvNuXQVh06v94nT6263+IF8QdhUTotMf0="' (status: 0/200)
[2026-02-07 20:58:06.391] [DISPLAY] [Workr] [titleupdater] Doing chunk checks for launcher...
[2026-02-07 20:58:06.391] [DISPLAY] [Workr] [titleupdater] Checked 0 chunk(s), 0 were empty, skipped 0 chunk(s) and 60 file(s)
[2026-02-07 20:58:06.392] [DISPLAY] [Workr] [statuschecker] Title Rockstar Games Launcher: 0.0 KB / 209.64 MB
[2026-02-07 20:58:06.392] [DISPLAY] [Workr] [selfupdate] Updating launcher...
[2026-02-07 20:58:06.392] [DISPLAY] [Workr] [selfupdate] Branch 4, build 1139: Has NA-BAT
[2026-02-07 20:58:08.064] [DISPLAY] [Workr] [diffpatch] 0 patchable files, total of 0.0 KB to download.
[2026-02-07 20:58:08.426] [DISPLAY] [Admin] [idownloader] Starting download of 'https://rgl-prod.ros.rockstargames.com/launcher/11/LauncherServices/App.asmx/RetrieveFileChunkNoAuthMulti'
[2026-02-07 20:58:08.655] [DISPLAY] [Admin] [idownloader] Completed download of 'https://rgl-prod.ros.rockstargames.com/launcher/11/LauncherServices/App.asmx/RetrieveFileChunkNoAuthMulti' (status: 0/200)
[2026-02-07 20:58:31.276] [DISPLAY] [Workr] [downloadprogress] Dl: D|116578187|23|6|0|0
[2026-02-07 20:58:31.277] [DISPLAY] [Workr] [titleupdater] Doing chunk checks for launcher...
[2026-02-07 20:58:31.279] [DISPLAY] [Workr] [titleupdater] Checked 54 chunk(s), 0 were empty, skipped 6 chunk(s) and 0 file(s)
[2026-02-07 20:58:31.282] [DISPLAY] [Workr] [titleupdater] Launcher needs to restart to be made up-to-date.
[2026-02-07 20:58:31.282] [DISPLAY] [Workr] [titleupdater] Update of Rockstar Games Launcher succeeded; needs restart to complete.
[2026-02-07 20:58:31.286] [DISPLAY] [Workr] [selfupdate] Applying downloaded self-update...
[2026-02-07 20:58:31.995] [DISPLAY] [Workr] [fileutils] Checking version: C:\Program Files\Rockstar Games\Launcher\Launcher.exe
[2026-02-07 20:58:31.996] [DISPLAY] [Workr] [title] Current version for title [pv] Rockstar Games Launcher : 1.0.105.2733
[2026-02-07 20:58:32.870] [DISPLAY] [Workr] [fileutils] Checking version: C:\Program Files\Rockstar Games\Launcher\Launcher.exe
[2026-02-07 20:58:32.871] [DISPLAY] [Workr] [title] Current version for title [pv] Rockstar Games Launcher : 1.0.105.2733
[2026-02-07 20:58:32.933] [DISPLAY] [Workr] [selfupdate] Self-update applied, need to restart.
[2026-02-07 20:58:32.933] [DISPLAY] [Workr] [packfile] Initialize 'Launcher.rpf' - succeeded
[2026-02-07 20:58:32.933] [DISPLAY] [Workr] [launcher] Restarting to apply self-update...
[2026-02-07 20:58:32.933] [DISPLAY] [Workr] [lifecycle] Setting to restart after exit.
[2026-02-07 20:58:32.933] [DISPLAY] [Workr] [lifecycle] Restart args: -skipPatcherCheck -steamAppId=1174180 -steamLocation "C:\Program Files (x86)\Steam\steamapps\common\Red Dead Redemption 2" @args.txt -upgrade
[2026-02-07 20:58:32.933] [DISPLAY] [Workr] [launcher] Shutdown requested! Forced: false
[2026-02-07 20:58:32.933] [DISPLAY] [Workr] [launcher] Completed Pre-initialization tasks
[2026-02-07 20:58:32.944] [DISPLAY] [Main ] [launcher] StartShutdown - Now in progress
[2026-02-07 20:58:32.944] [DISPLAY] [Main ] [launcher] SHUTDOWN_REQUESTED -> SHUTDOWN_MAIN_WINDOW
[2026-02-07 20:58:32.944] [DISPLAY] [Main ] [launcher] SHUTDOWN_MAIN_WINDOW -> SHUTDOWN_STARTUP_WINDOW
[2026-02-07 20:58:32.944] [DISPLAY] [Main ] [launcher] SHUTDOWN_STARTUP_WINDOW -> SHUTDOWN_NOTIFICATION_MANAGER
[2026-02-07 20:58:32.944] [DISPLAY] [Main ] [launcher] SHUTDOWN_NOTIFICATION_MANAGER -> SHUTDOWN_GAME_LAUNCHER
[2026-02-07 20:58:32.944] [DISPLAY] [Main ] [launcher] SHUTDOWN_GAME_LAUNCHER -> SHUTDOWN_WINDOW_CONTROLLER
[2026-02-07 20:58:32.944] [DISPLAY] [Main ] [launcher] SHUTDOWN_WINDOW_CONTROLLER -> SHUTDOWN_STOP_WORKER_THREADS
[2026-02-07 20:58:32.944] [DISPLAY] [Main ] [launcher] SHUTDOWN_STOP_WORKER_THREADS -> SHUTDOWN_TITLES
[2026-02-07 20:58:32.944] [DISPLAY] [Main ] [launcher] SHUTDOWN_TITLES -> SHUTDOWN_DISK
[2026-02-07 20:58:32.944] [DISPLAY] [Main ] [launcher] SHUTDOWN_DISK -> SHUTDOWN_BACKGROUND_SERVICE
[2026-02-07 20:58:32.944] [DISPLAY] [Main ] [launcher] SHUTDOWN_BACKGROUND_SERVICE -> SHUTDOWN_TELEMETRY
[2026-02-07 20:58:32.944] [DISPLAY] [Main ] [launcher] SHUTDOWN_TELEMETRY -> SHUTDOWN_CACHED_REQUEST_MANAGER
[2026-02-07 20:58:32.944] [DISPLAY] [Main ] [launcher] SHUTDOWN_CACHED_REQUEST_MANAGER -> SHUTDOWN_SETTINGS_MANAGER
[2026-02-07 20:58:32.944] [DISPLAY] [Main ] [launcher] SHUTDOWN_SETTINGS_MANAGER -> SHUTDOWN_SDK
[2026-02-07 20:58:32.944] [DISPLAY] [Main ] [launcher] SHUTDOWN_SDK -> SHUTDOWN_PRESENCE
[2026-02-07 20:58:32.944] [DISPLAY] [Main ] [launcher] SHUTDOWN_PRESENCE -> SHUTDOWN_SUBSYSTEMS
[2026-02-07 20:58:32.944] [DISPLAY] [Main ] [launcher] SHUTDOWN_SUBSYSTEMS -> SHUTDOWN_IN_PROGRESS
[2026-02-07 20:58:32.944] [DISPLAY] [Main ] [launcher] Telemetry flushed
[2026-02-07 20:58:32.944] [DISPLAY] [Main ] [launcher] Window destroyed
[2026-02-07 20:58:32.944] [DISPLAY] [Main ] [launcher] SDK ready for shutdown
[2026-02-07 20:58:32.944] [DISPLAY] [Main ] [launcher] Notifications cleared
[2026-02-07 20:58:32.944] [DISPLAY] [Main ] [launcher] No games running
[2026-02-07 20:58:32.961] [DISPLAY] [Main ] [launcher] Worker Threads shutdown
[2026-02-07 20:58:33.029] [DISPLAY] [Main ] [launcher] Title state flushed
[2026-02-07 20:58:33.029] [DISPLAY] [Main ] [launcher] Disk state flushed
[2026-02-07 20:58:33.029] [DISPLAY] [Main ] [launcher] Cached Requests cleared
[2026-02-07 20:58:33.029] [DISPLAY] [Main ] [launcher] Settings saved
[2026-02-07 20:58:33.029] [DISPLAY] [Main ] [launcher] Presence signed out
[2026-02-07 20:58:33.029] [DISPLAY] [Main ] [launcher] All subsystems have shut down
[2026-02-07 20:58:33.039] [DISPLAY] [Main ] [launcher] SHUTDOWN_IN_PROGRESS -> SHUTDOWN_COMPLETE
[2026-02-07 20:58:33.039] [DISPLAY] [Main ] [app] Application quit requested (exit code: 0)
[2026-02-07 20:58:33.039] [DISPLAY] [Main ] [launcher] SHUTDOWN_COMPLETE -> SHUTDOWN_EXITING
[2026-02-07 20:58:33.068] [DISPLAY] [Main ] [svc] Stopping the background service.
