[2025-07-07 21:15:23.394] [DISPLAY] [Main ] [fileutils] Checking version: C:\Program Files\Rockstar Games\Launcher\Launcher.exe
[2025-07-07 21:15:23.420] [DISPLAY] [Main ] [dx12] Retrieving D3D12 graphics info
[2025-07-07 21:15:23.649] [DISPLAY] [dkspa] [libutil_sysinfo] Drive C:\ has 255.20 GB free, 476.83 GB total
[2025-07-07 21:15:23.649] [DISPLAY] [Main ] [launcher] Opening log file.
[2025-07-07 21:15:23.656] [DISPLAY] [Main ] [startupinfo] Command line: "C:\Program Files\Rockstar Games\Launcher\Launcher.exe" -skipPatcherCheck -steamAppId=1174180 -steamLocation "C:\Program Files (x86)\Steam\steamapps\common\Red Dead Redemption 2" @args.txt
[2025-07-07 21:15:23.656] [DISPLAY] [Main ] [startupinfo] P4 Version: Change 54189093
[2025-07-07 21:15:23.656] [DISPLAY] [Main ] [startupinfo] RGL Branch: release_03
[2025-07-07 21:15:23.656] [DISPLAY] [Main ] [startupinfo] Version:    1.0.103.2507
[2025-07-07 21:15:23.656] [DISPLAY] [Main ] [startupinfo] Parameters:
[2025-07-07 21:15:23.656] [DISPLAY] [Main ] [startupinfo]     C:\Program Files\Rockstar Games\Launcher\Launcher.exe
[2025-07-07 21:15:23.656] [DISPLAY] [Main ] [startupinfo]     -skipPatcherCheck
[2025-07-07 21:15:23.656] [DISPLAY] [Main ] [startupinfo]     -steamAppId=1174180
[2025-07-07 21:15:23.656] [DISPLAY] [Main ] [startupinfo]     -steamLocation
[2025-07-07 21:15:23.656] [DISPLAY] [Main ] [startupinfo]     C:\Program Files (x86)\Steam\steamapps\common\Red Dead Redemption 2
[2025-07-07 21:15:23.656] [DISPLAY] [Main ] [startupinfo]     @args.txt
[2025-07-07 21:15:23.656] [DISPLAY] [Main ] [startup] Initial Working Directory: C:\Program Files (x86)\Steam\steamapps\common\Red Dead Redemption 2
[2025-07-07 21:15:23.656] [DISPLAY] [Main ] [startup] Working directory: C:\Program Files\Rockstar Games\Launcher
[2025-07-07 21:15:23.657] [DISPLAY] [Main ] [packfile] Initialize 'Launcher.rpf' - succeeded
[2025-07-07 21:15:23.657] [DISPLAY] [Main ] [localisation] Language updated to: 0
[2025-07-07 21:15:23.681] [DISPLAY] [Main ] [external] Creating Steam min mode launch
[2025-07-07 21:15:23.686] [DISPLAY] [Main ] [external] Steam App Id: 1174180
[2025-07-07 21:15:23.686] [DISPLAY] [Main ] [external] Steam Location: C:\Program Files (x86)\Steam\steamapps\common\Red Dead Redemption 2
[2025-07-07 21:15:23.688] [DISPLAY] [Main ] [metadatamanager] Read external Steam metadata: rdr2
[2025-07-07 21:15:23.688] [DISPLAY] [Main ] [external] App: rdr2
[2025-07-07 21:15:23.694] [DISPLAY] [Main ] [environment] SetEnvironment: prod
[2025-07-07 21:15:23.696] [ ERROR ] [Main ] [fileutils] Failed to delete directory: C:\Users\nicka\OneDrive\Documents\Rockstar Games\Red Dead Redemption\CrashLogs\attachments
[2025-07-07 21:15:23.696] [ ERROR ] [Main ] [fileutils] Failed to delete directory: C:\Users\nicka\OneDrive\Documents\Rockstar Games\Red Dead Redemption\CrashLogs\reports
[2025-07-07 21:15:23.697] [DISPLAY] [Main ] [subsystem] Init phase 1
[2025-07-07 21:15:23.697] [DISPLAY] [Main ] [fileutils] Checking version: C:\Program Files\Rockstar Games\Launcher\RockstarService.exe
[2025-07-07 21:15:23.698] [DISPLAY] [Main ] [svc] Service version: 1.0.103.2507 (1.0.103.2507)
[2025-07-07 21:15:23.698] [DISPLAY] [Main ] [svc] Starting service (attempt 1 / 3)...
[2025-07-07 21:15:23.702] [DISPLAY] [Main ] [titlestorage] Installed titles:
[2025-07-07 21:15:23.702] [DISPLAY] [Main ] [titlestorage]  Title                             Progress               Version              Location                                                    
[2025-07-07 21:15:23.713] [DISPLAY] [Main ] [fileutils] Checking version: C:\Program Files\Rockstar Games\Social Club\socialclub.dll
[2025-07-07 21:15:23.717] [DISPLAY] [Main ] [subsystem] Initializing group 0...
[2025-07-07 21:15:23.717] [DISPLAY] [Main ] [subsystem] Init phase 2
[2025-07-07 21:15:23.717] [DISPLAY] [Main ] [subsystem] Starting systems...
[2025-07-07 21:15:23.771] [DISPLAY] [Main ] [steam_api] SetSteamLanguage(english) = 0
[2025-07-07 21:15:23.771] [DISPLAY] [Main ] [minmode] Overriding language from external game launch: en-US
[2025-07-07 21:15:23.771] [DISPLAY] [Main ] [localisation] Language updated to: 0
[2025-07-07 21:15:23.771] [DISPLAY] [Main ] [subsystem] Starting diag...
[2025-07-07 21:15:23.771] [DISPLAY] [Main ] [fileutils] Checking local versions...
[2025-07-07 21:15:23.771] [DISPLAY] [Main ] [fileutils] Checking version: C:\Program Files\Rockstar Games\Social Club\socialclub.dll
[2025-07-07 21:15:23.772] [DISPLAY] [Main ] [fileutils] Checking RGL version...
[2025-07-07 21:15:23.772] [DISPLAY] [Main ] [fileutils] Version: 2.4.0.94 | 1.0.103.2507 | FFP
[2025-07-07 21:15:23.772] [DISPLAY] [Main ] [subsystem] Starting net...
[2025-07-07 21:15:23.779] [DISPLAY] [Main ] [subsystem] Assigning pools...
[2025-07-07 21:15:23.779] [DISPLAY] [Main ] [subsystem] Initializing engine...
[2025-07-07 21:15:23.780] [DISPLAY] [Main ] [subsystem] Initializing group 1...
[2025-07-07 21:15:23.791] [DISPLAY] [Workr] [selfupdate] Up-to-date.
[2025-07-07 21:15:23.962] [DISPLAY] [Main ] [systemtray] System tray: enabled
[2025-07-07 21:15:23.965] [DISPLAY] [Main ] [launcher] Passed check: majorVersion(10.0.26100) >= 10
[2025-07-07 21:15:24.108] [DISPLAY] [bgsvc] [svc] Received response from service.
[2025-07-07 21:15:24.131] [DISPLAY] [Workr] [idownloader] Starting download of 'https://gamedownloads-rockstargames-com.akamaized.net/public/launcher_online_config.xml'
[2025-07-07 21:15:24.541] [DISPLAY] [Workr] [idownloader] Completed download of 'https://gamedownloads-rockstargames-com.akamaized.net/public/launcher_online_config.xml' (status: 0/200)
[2025-07-07 21:15:24.541] [DISPLAY] [Workr] [startup] Skipping DLL preload.
[2025-07-07 21:15:24.541] [DISPLAY] [Workr] [titlemanager] Downloading title list...
[2025-07-07 21:15:24.541] [DISPLAY] [Workr] [titlemanager] Downloading default title list (SCS)...
[2025-07-07 21:15:24.541] [DISPLAY] [Workr] [idownloader] Starting download of 'https://rgl-prod.ros.rockstargames.com/launcher/11/LauncherServices/App.asmx/GetDefaultApps?accessToken='
[2025-07-07 21:15:24.739] [DISPLAY] [Workr] [idownloader] Completed download of 'https://rgl-prod.ros.rockstargames.com/launcher/11/LauncherServices/App.asmx/GetDefaultApps?accessToken=' (status: 0/200)
[2025-07-07 21:15:24.739] [DISPLAY] [Workr] [services] Obtained NA-BAT
[2025-07-07 21:15:24.739] [DISPLAY] [Workr] [services] Parsed response from GetDefaultApps: 1 title(s), 1 branch(es)
[2025-07-07 21:15:24.739] [DISPLAY] [Workr] [titlemanager] Retrieved default title: launcher
[2025-07-07 21:15:24.739] [DISPLAY] [Workr] [titlemanager] Launcher tokens: BAT: false, NA-BAT: true
[2025-07-07 21:15:24.739] [DISPLAY] [Workr] [titlemanager] Title list updated.
[2025-07-07 21:15:24.739] [DISPLAY] [Workr] [launcher] Checking for self-update...
[2025-07-07 21:15:24.743] [DISPLAY] [Workr] [titleupdater] Doing chunk checks for launcher...
[2025-07-07 21:15:24.765] [DISPLAY] [Workr] [titleupdater] Checked 61 chunk(s), 0 were empty, skipped 0 chunk(s) and 0 file(s)
[2025-07-07 21:15:24.765] [DISPLAY] [Workr] [statuschecker] Title Rockstar Games Launcher: No update
[2025-07-07 21:15:24.769] [DISPLAY] [Workr] [launcher] No self-update, continuing.
[2025-07-07 21:15:24.769] [DISPLAY] [Workr] [launcher] Checking for prerequisite updates...
[2025-07-07 21:15:24.769] [DISPLAY] [Workr] [fileutils] Checking version: C:\Program Files\Rockstar Games\Social Club\socialclub.dll
[2025-07-07 21:15:24.770] [DISPLAY] [Workr] [fileutils] Checking version: C:\Program Files\Rockstar Games\Launcher\Redistributables\SocialClub\Social-Club-Setup.exe
[2025-07-07 21:15:24.772] [DISPLAY] [Workr] [preqmanager] The Social Club version available matches that currently installed (both: 2.4.0.94)
[2025-07-07 21:15:24.772] [DISPLAY] [Workr] [titleupdater] No prerequisites to install.
[2025-07-07 21:15:24.772] [DISPLAY] [Workr] [launcher] Checking minimum SDK requirement
[2025-07-07 21:15:24.772] [DISPLAY] [Workr] [fileutils] Checking version: C:\Program Files\Rockstar Games\Social Club\socialclub.dll
[2025-07-07 21:15:24.799] [DISPLAY] [Workr] [launcher] Completed Pre-initialization tasks
[2025-07-07 21:15:24.811] [DISPLAY] [Main ] [subsystem] Init phase 3
[2025-07-07 21:15:24.811] [DISPLAY] [Main ] [subsystem] RGL Offline Assets path: C:\Program Files\Rockstar Games\Launcher\offline.pak
[2025-07-07 21:15:24.811] [DISPLAY] [Main ] [subsystem] Intializing connection manager.
[2025-07-07 21:15:24.811] [DISPLAY] [Main ] [subsystem] Initializing RAGE networking.
[2025-07-07 21:15:24.918] [DISPLAY] [Main ] [rline_pc] Mon Jul  7 21:15:24 2025
[2025-07-07 21:15:24.918] [DISPLAY] [Main ] [rline_pc] File System Initialized
[2025-07-07 21:15:24.919] [DISPLAY] [Main ] [rline_pc] Version Info: 2.4.0.94
[2025-07-07 21:15:24.919] [DISPLAY] [Main ] [rline_pc] JSON Interface initialized
[2025-07-07 21:15:24.919] [DISPLAY] [Main ] [rline_pc] Internet manager initialized
[2025-07-07 21:15:24.919] [DISPLAY] [Main ] [rline_pc] Social Club Data initialized
[2025-07-07 21:15:24.919] [DISPLAY] [Main ] [rline_pc] Metadata initialized
[2025-07-07 21:15:24.919] [DISPLAY] [Main ] [rline_pc] Achievement Manager initialized
[2025-07-07 21:15:24.919] [DISPLAY] [Main ] [rline_pc] Player Manager initialized
[2025-07-07 21:15:24.920] [DISPLAY] [Main ] [rline_pc] Gamer Pic Manager initialized
[2025-07-07 21:15:24.920] [DISPLAY] [Main ] [rline_pc] Profile Manager initialized
[2025-07-07 21:15:24.920] [DISPLAY] [Main ] [rline_pc] Presence Manager initialized
[2025-07-07 21:15:24.920] [DISPLAY] [Main ] [rline_pc] Commerce Manager initialized
[2025-07-07 21:15:24.920] [DISPLAY] [Main ] [rline_pc] Task Manager initialized
[2025-07-07 21:15:24.920] [DISPLAY] [Main ] [rline_pc] Telemetry Manager initialized
[2025-07-07 21:15:24.920] [DISPLAY] [Main ] [rline_pc] Network interface initialized
[2025-07-07 21:15:24.920] [DISPLAY] [Main ] [rline_pc] Cloud Saves interface initialized
[2025-07-07 21:15:24.920] [DISPLAY] [Main ] [rline_pc] Multi-Factor Authentication initialized
[2025-07-07 21:15:24.921] [DISPLAY] [Main ] [rline_pc] Profanity filter initialized
[2025-07-07 21:15:24.921] [DISPLAY] [Main ] [rline_pc] Game Intent Manager initialized
[2025-07-07 21:15:24.921] [DISPLAY] [Main ] [rline_pc] Launcher interface initialized
[2025-07-07 21:15:24.922] [DISPLAY] [Main ] [rline_pc] Game/Launcher IPC initialized: 0
[2025-07-07 21:15:24.922] [DISPLAY] [Main ] [rline_pc] Validating CEF directory: C:\Program Files\Rockstar Games\Social Club\
[2025-07-07 21:15:24.930] [DISPLAY] [Main ] [rline_pc] Validating Social Club dependency versions: 
[2025-07-07 21:15:24.930] [DISPLAY] [Main ] [rline_pc]  Social Club DLL (C:\Program Files\Rockstar Games\Social Club\socialclub.dll) - 2.4.0.94
[2025-07-07 21:15:24.930] [DISPLAY] [Main ] [rline_pc]  Social Club Helper (C:\Program Files\Rockstar Games\Social Club\SocialClubHelper.exe) - 2.4.0.94
[2025-07-07 21:15:24.930] [DISPLAY] [Main ] [rline_pc]  Vulkan Renderer Layer (C:\Program Files\Rockstar Games\Social Club\SocialClubVulkanLayer.dll) - 2.4.0.94
[2025-07-07 21:15:24.930] [DISPLAY] [Main ] [rline_pc]  D3D12 Renderer DLL (C:\Program Files\Rockstar Games\Social Club\SocialClubD3D12Renderer.dll) - 2.4.0.94
[2025-07-07 21:15:24.930] [DISPLAY] [Main ] [rline_pc]  Chromium Embedded Framework (C:\Program Files\Rockstar Games\Social Club\libcef.dll) - 109.1.18.0
[2025-07-07 21:15:24.930] [DISPLAY] [Main ] [rline_pc]  RGSC-Query Version: 0.0.0-development
[2025-07-07 21:15:24.931] [DISPLAY] [Main ] [rline_pc] SDK fully initialized
[2025-07-07 21:15:24.931] [DISPLAY] [Main ] [rline_pc] Setting Social Club UI scaling to 1.00
[2025-07-07 21:15:24.932] [DISPLAY] [Main ] [rline_pc] Social Club UI - Entering State: 'WAIT_BROWSER_WINDOW'
[2025-07-07 21:15:24.932] [DISPLAY] [Main ] [subsystem] Initializing group 2...
[2025-07-07 21:15:24.944] [DISPLAY] [Workr] [libutil_sysinfo] Drive C:\ has 255.20 GB free, 476.83 GB total
[2025-07-07 21:15:25.002] [DISPLAY] [Main ] [rline_pc] UpdateConnectionState :: Connection state changed from offline to online
[2025-07-07 21:15:25.002] [DISPLAY] [Main ] [rline_pc] OnChannelError() - rgsc_launcher_0
[2025-07-07 21:15:25.093] [DISPLAY] [Main ] [rline_pc] OnChannelConnected - rgsc_ipc_1bd4_channel_0 (remoteProcessId 15488)
[2025-07-07 21:15:25.110] [DISPLAY] [Main ] [rline_pc] Browser subprocess running and connected
[2025-07-07 21:15:25.178] [DISPLAY] [Main ] [rline_pc] Social Club UI - Entering State: 'LOADING'
[2025-07-07 21:15:25.178] [DISPLAY] [Main ] [rline_pc] RgscUi::LoadUrl() called with url 'https://rgl.rockstargames.com/launcher'
[2025-07-07 21:15:25.178] [DISPLAY] [Main ] [rline_pc] CreateIpcChannel returning channel name: rgsc_ipc_1bd4_channel_1
[2025-07-07 21:15:25.178] [DISPLAY] [Main ] [rline_pc] Social Club UI - Entering State: 'WAITING_FOR_PAGE_LOAD'
[2025-07-07 21:15:25.652] [DISPLAY] [Workr] [dx12] Retrieving D3D12 graphics info
[2025-07-07 21:15:25.718] [DISPLAY] [Workr] [sysinfo] System Configuration: 
 CPU Info:
  ID: Intel64 Family 6 Model 151 Stepping 2
  Name: 12th Gen Intel(R) Core(TM) i7-12700KF
  Clock Speed: 3.61 GHZ
  Physical Cores: 12
  Logical Cores: 20
  SSE 4.1: enabled
  SSE 4.2: enabled

 Disk 0 (C:\)
  Disk Type: NVMe
  Bytes Free: 274018709504
  Bytes Total: 511987150848

Memory Info:
 17179869184 B
 16 GB

 GPU 0
  Description: NVIDIA GeForce RTX 3060
  Capacity (Bytes): 12703498240
  Display Capacity: 12.0 GB
[2025-07-07 21:15:25.722] [DISPLAY] [Main ] [rline_pc] OnChannelConnected - rgsc_ipc_1bd4_channel_1 (remoteProcessId 4860)
[2025-07-07 21:15:25.722] [DISPLAY] [Main ] [launcher] Social Club UI has started.
[2025-07-07 21:15:25.722] [DISPLAY] [Main ] [fileutils] Checking version: C:\Program Files\Rockstar Games\Social Club\socialclub.dll
[2025-07-07 21:15:25.723] [DISPLAY] [Admin] [external] Setting up steam title: rdr2
[2025-07-07 21:15:25.723] [DISPLAY] [Admin] [external] Successfully setup title
[2025-07-07 21:15:25.739] [DISPLAY] [Main ] [rline_pc] Social Club UI - Entering State: 'WAITING_FOR_PAGE_READY'
[2025-07-07 21:15:25.739] [DISPLAY] [Main ] [external] Client is ready to attempt a launch.
[2025-07-07 21:15:25.739] [DISPLAY] [Main ] [external] Frontend is ready to launch the title
[2025-07-07 21:15:25.756] [DISPLAY] [Main ] [rline_pc] Handling action 'ScuiVersion' [EventId: 4]
[2025-07-07 21:15:25.824] [DISPLAY] [Main ] [rline_pc] Handling action 'Geo' [EventId: 4]
[2025-07-07 21:15:25.824] [DISPLAY] [Main ] [rline_pc] Handling action 'ExternIP' [EventId: 4]
[2025-07-07 21:15:25.858] [DISPLAY] [Main ] [rline_pc] Social Club UI - Entering State: 'PAGE_READY'
[2025-07-07 21:15:25.858] [DISPLAY] [Main ] [rline_pc] Social Club UI - Entering State: 'START_SIGN_IN'
[2025-07-07 21:15:25.875] [DISPLAY] [Main ] [rline_pc] Social Club UI - Entering State: 'FINISHED'
[2025-07-07 21:15:25.875] [DISPLAY] [Main ] [rline_pc] Finished loading Social Club UI
[2025-07-07 21:15:25.875] [DISPLAY] [Main ] [launcher] Time to start up: 2510 ms
[2025-07-07 21:15:25.880] [DISPLAY] [Main ] [systemtray] System tray: enabled
[2025-07-07 21:15:25.910] [DISPLAY] [Main ] [ui_window_controller] UiWindowController::SetContext: Invalid -> Auth
[2025-07-07 21:15:25.910] [DISPLAY] [Main ] [ui_window_controller] UiWindowController::SetState: Invalid -> WaitForBrowser
[2025-07-07 21:15:25.931] [DISPLAY] [Main ] [ui_window_controller] UiWindowController::SetState: WaitForBrowser -> WaitForWindow
[2025-07-07 21:15:26.203] [DISPLAY] [Main ] [rline_pc] CreateIpcChannel returning channel name: rgsc_ipc_1bd4_channel_2
[2025-07-07 21:15:26.220] [DISPLAY] [Main ] [rline_pc] OnChannelConnected - rgsc_ipc_1bd4_channel_2 (remoteProcessId 19392)
[2025-07-07 21:15:26.756] [DISPLAY] [Main ] [ui_window_controller] UiWindowController::SetState: WaitForWindow -> Active
[2025-07-07 21:15:26.938] [DISPLAY] [Main ] [rline_pc] CreateIpcChannel returning channel name: rgsc_ipc_1bd4_channel_3
[2025-07-07 21:15:26.955] [DISPLAY] [Main ] [rline_pc] OnChannelConnected - rgsc_ipc_1bd4_channel_3 (remoteProcessId 19392)
[2025-07-07 21:15:26.955] [DISPLAY] [Main ] [rline_pc] OnChannelError() - rgsc_ipc_1bd4_channel_2
[2025-07-07 21:15:27.261] [DISPLAY] [Main ] [ui_window_controller] UiWindowController::SetState: Active -> WaitForBrowser
[2025-07-07 21:15:27.261] [DISPLAY] [Main ] [ui_window_controller] UiWindowController::SetState: WaitForBrowser -> WaitForWindow
[2025-07-07 21:15:27.261] [DISPLAY] [Main ] [ui_window_controller] UiWindowController::SetState: WaitForWindow -> Active
[2025-07-07 21:15:29.011] [DISPLAY] [Main ] [rline_pc] Queue download of profile avatar
[2025-07-07 21:15:29.076] [DISPLAY] [Main ] [rline_pc] Saved profile for CobblerNick
[2025-07-07 21:15:29.078] [DISPLAY] [Main ] [rline_pc] Syncing friends.
[2025-07-07 21:15:29.078] [DISPLAY] [Main ] [rline_pc] Syncing privacy settings.
[2025-07-07 21:15:29.472] [DISPLAY] [Main ] [rline_pc] Signed in online to profile: CobblerNick
[2025-07-07 21:15:29.472] [DISPLAY] [Main ] [ui_window_controller] UiWindowController::SetContext: Auth -> MainWindow
[2025-07-07 21:15:29.472] [DISPLAY] [Main ] [ui_window_controller] UiWindowController::SetState: Active -> WaitForBrowser
[2025-07-07 21:15:29.503] [DISPLAY] [Main ] [ui_mainwindow] Using DPI 96,96
[2025-07-07 21:15:29.503] [DISPLAY] [Main ] [ui_mainwindow] Using UI Scale: 1.00
[2025-07-07 21:15:29.504] [DISPLAY] [Main ] [ui_mainwindow] Using saved geometry: 160,150 (1280 x 600)
[2025-07-07 21:15:29.521] [DISPLAY] [Main ] [launcher] Presence Event - Signed In
[2025-07-07 21:15:29.521] [DISPLAY] [Main ] [launcher] User 'CobblerNick' is now signed in
[2025-07-07 21:15:29.535] [DISPLAY] [Main ] [launcher] Presence Event :: Went Online
[2025-07-07 21:15:29.535] [DISPLAY] [Admin] [titlemanager] Downloading title list...
[2025-07-07 21:15:29.535] [DISPLAY] [Main ] [rline_pc] Handling action 'EnableDownloading' [EventId: 2]
[2025-07-07 21:15:29.535] [DISPLAY] [Main ] [scuicallbacks] Enabling Downloading
[2025-07-07 21:15:29.536] [DISPLAY] [Admin] [titlemanager] Downloading title list (SCS)...
[2025-07-07 21:15:29.536] [DISPLAY] [Main ] [ui_window_controller] UiWindowController::SetState: WaitForBrowser -> WaitForWindow
[2025-07-07 21:15:29.536] [DISPLAY] [Main ] [ui_window_controller] UiWindowController::SetState: WaitForWindow -> Active
[2025-07-07 21:15:29.691] [DISPLAY] [Main ] [launcher] Friend Event - Friends are Available
[2025-07-07 21:15:30.009] [DISPLAY] [Main ] [services] Parsed response from GetApps: 22 title(s), 4 branch(es)
[2025-07-07 21:15:30.026] [DISPLAY] [Main ] [rline_pc] Handling action 'UpdateSetting' [EventId: 2]
[2025-07-07 21:15:30.026] [DISPLAY] [Main ] [scuicallbacks] Setting updated by frontend
[2025-07-07 21:15:30.043] [DISPLAY] [Main ] [scuicallbacks] Launch requested by user: rdr2, default
[2025-07-07 21:15:30.043] [DISPLAY] [Main ] [external] Frontend is ready to launch the title
[2025-07-07 21:15:30.043] [DISPLAY] [Main ] [external] Attempting external title launch...
[2025-07-07 21:15:30.045] [DISPLAY] [Admin] [titlemanager] Title list updated.
[2025-07-07 21:15:30.048] [DISPLAY] [Admin] [external] Attempting Steam launch. User is 'CobblerNick'
[2025-07-07 21:15:30.077] [DISPLAY] [Main ] [gamelaunch] Begin game launch: rdr2
[2025-07-07 21:15:30.077] [DISPLAY] [Main ] [gamelaunch] Flags: 11
[2025-07-07 21:15:30.077] [DISPLAY] [Main ] [gamelaunch] Path: C:\Program Files (x86)\Steam\steamapps\common\Red Dead Redemption 2
[2025-07-07 21:15:30.085] [DISPLAY] [Main ] [telemetrymanager] Secondary platform is set to: 2
[2025-07-07 21:15:30.086] [DISPLAY] [15076] [gamelaunch] Launch Folder: C:\Program Files (x86)\Steam\steamapps\common\Red Dead Redemption 2
[2025-07-07 21:15:30.086] [DISPLAY] [15076] [gamelaunch] Launch Path: C:\Program Files (x86)\Steam\steamapps\common\Red Dead Redemption 2\RDR2.exe
[2025-07-07 21:15:30.086] [DISPLAY] [15076] [fileutils] Checking version: C:\Program Files (x86)\Steam\steamapps\common\Red Dead Redemption 2\RDR2.exe
[2025-07-07 21:15:30.120] [DISPLAY] [15076] [gamelaunch] RGL is up to date (current: 1.0.103.2507, minimum: 1.0.26.268)
[2025-07-07 21:15:30.120] [DISPLAY] [15076] [fileutils] Checking version: C:\Program Files (x86)\Steam\steamapps\common\Red Dead Redemption 2\RDR2.exe
[2025-07-07 21:15:30.121] [DISPLAY] [Main ] [rline_pc] OnChannelError() - rgsc_ipc_1bd4_channel_3
[2025-07-07 21:15:30.122] [DISPLAY] [15076] [gamelaunch] Red Dead Redemption 2 is up to date (current: 1.0.1491.50, minimum: 1.0.1311.12)
[2025-07-07 21:15:30.122] [DISPLAY] [15076] [fileutils] Checking version: C:\Program Files\Rockstar Games\Social Club\socialclub.dll
[2025-07-07 21:15:31.434] [DISPLAY] [Admin] [titlemanager] Downloading title list...
[2025-07-07 21:15:31.434] [DISPLAY] [Admin] [titlemanager] Downloading title list (SCS)...
[2025-07-07 21:15:31.758] [DISPLAY] [Main ] [services] Parsed response from GetApps: 22 title(s), 4 branch(es)
[2025-07-07 21:15:31.779] [DISPLAY] [Admin] [titlemanager] Title list updated.
[2025-07-07 21:15:32.798] [DISPLAY] [Main ] [cloudsaveop] Cloud Save sync requested for app 'rdr2'
[2025-07-07 21:15:32.815] [DISPLAY] [Main ] [cloudsaveop] Starting cloud save enabled check for app 'rdr2'
[2025-07-07 21:15:32.816] [DISPLAY] [Main ] [cloudsaveop] Received cloud saves enabled state for app 'rdr2' = enabled
[2025-07-07 21:15:32.816] [DISPLAY] [Main ] [cloudsaveop] Identifying potential cloud save conflicts for app 'rdr2'
[2025-07-07 21:15:32.816] [DISPLAY] [Main ] [rline_pc] Identifying conflicts
[2025-07-07 21:15:33.070] [DISPLAY] [Main ] [rline_pc] Resolving cloud file: 'KeyMappings'
[2025-07-07 21:15:33.070] [DISPLAY] [Main ] [rline_pc] The local file's file was not registered for upload.
[2025-07-07 21:15:33.070] [DISPLAY] [Main ] [rline_pc] The local file had a client last modified date (1748567092) matches the results from the server's (1748567092)
[2025-07-07 21:15:33.070] [DISPLAY] [Main ] [rline_pc] The local file's server last modified time (1748567092) matches the results from the server (1748567092)
[2025-07-07 21:15:33.070] [DISPLAY] [Main ] [rline_pc] The local file's file version (0) matches the file version of the server (0)
[2025-07-07 21:15:33.070] [DISPLAY] [Main ] [rline_pc] The local file's file size (364) matches the file size of the server (364)
[2025-07-07 21:15:33.070] [DISPLAY] [Main ] [rline_pc] Cloud File: 'KeyMappings' - Conflict State: 0
[2025-07-07 21:15:33.070] [DISPLAY] [Main ] [rline_pc] Resolving cloud file: 'Player'
[2025-07-07 21:15:33.070] [DISPLAY] [Main ] [rline_pc] The local file's file was not registered for upload.
[2025-07-07 21:15:33.070] [DISPLAY] [Main ] [rline_pc] The local file had a client last modified date (1751934380) matches the results from the server's (1751934380)
[2025-07-07 21:15:33.070] [DISPLAY] [Main ] [rline_pc] The local file's server last modified time (1751934380) matches the results from the server (1751934380)
[2025-07-07 21:15:33.070] [DISPLAY] [Main ] [rline_pc] The local file's file version (41) matches the file version of the server (41)
[2025-07-07 21:15:33.070] [DISPLAY] [Main ] [rline_pc] The local file's file size (248) matches the file size of the server (248)
[2025-07-07 21:15:33.070] [DISPLAY] [Main ] [rline_pc] Cloud File: 'Player' - Conflict State: 0
[2025-07-07 21:15:33.070] [DISPLAY] [Main ] [rline_pc] Resolving cloud file: 'ProfileSettings'
[2025-07-07 21:15:33.070] [DISPLAY] [Main ] [rline_pc] The local file's file was not registered for upload.
[2025-07-07 21:15:33.070] [DISPLAY] [Main ] [rline_pc] The local file had a client last modified date (1751934380) matches the results from the server's (1751934380)
[2025-07-07 21:15:33.070] [DISPLAY] [Main ] [rline_pc] The local file's server last modified time (1751934380) matches the results from the server (1751934380)
[2025-07-07 21:15:33.070] [DISPLAY] [Main ] [rline_pc] The local file's file version (15) matches the file version of the server (15)
[2025-07-07 21:15:33.070] [DISPLAY] [Main ] [rline_pc] The local file's file size (2840) matches the file size of the server (2840)
[2025-07-07 21:15:33.070] [DISPLAY] [Main ] [rline_pc] Cloud File: 'ProfileSettings' - Conflict State: 0
[2025-07-07 21:15:33.070] [DISPLAY] [Main ] [rline_pc] Resolving cloud file: 'SRDR30000'
[2025-07-07 21:15:33.070] [DISPLAY] [Main ] [rline_pc] The local file's file was not registered for upload.
[2025-07-07 21:15:33.070] [DISPLAY] [Main ] [rline_pc] The local file had a client last modified date (1748748298) matches the results from the server's (1748748298)
[2025-07-07 21:15:33.070] [DISPLAY] [Main ] [rline_pc] The local file's server last modified time (1748748298) matches the results from the server (1748748298)
[2025-07-07 21:15:33.070] [DISPLAY] [Main ] [rline_pc] The local file's file version (1) matches the file version of the server (1)
[2025-07-07 21:15:33.070] [DISPLAY] [Main ] [rline_pc] The local file's file size (697504) matches the file size of the server (697504)
[2025-07-07 21:15:33.070] [DISPLAY] [Main ] [rline_pc] Cloud File: 'SRDR30000' - Conflict State: 0
[2025-07-07 21:15:33.070] [DISPLAY] [Main ] [rline_pc] Resolving cloud file: 'SRDR30001'
[2025-07-07 21:15:33.070] [DISPLAY] [Main ] [rline_pc] The local file's file was not registered for upload.
[2025-07-07 21:15:33.070] [DISPLAY] [Main ] [rline_pc] The local file had a client last modified date (1751598125) matches the results from the server's (1751598125)
[2025-07-07 21:15:33.070] [DISPLAY] [Main ] [rline_pc] The local file's server last modified time (1751598125) matches the results from the server (1751598125)
[2025-07-07 21:15:33.070] [DISPLAY] [Main ] [rline_pc] The local file's file version (13) matches the file version of the server (13)
[2025-07-07 21:15:33.070] [DISPLAY] [Main ] [rline_pc] The local file's file size (799760) matches the file size of the server (799760)
[2025-07-07 21:15:33.070] [DISPLAY] [Main ] [rline_pc] Cloud File: 'SRDR30001' - Conflict State: 0
[2025-07-07 21:15:33.070] [DISPLAY] [Main ] [rline_pc] Resolving cloud file: 'SRDR30002'
[2025-07-07 21:15:33.070] [DISPLAY] [Main ] [rline_pc] The local file's file was not registered for upload.
[2025-07-07 21:15:33.070] [DISPLAY] [Main ] [rline_pc] The local file had a client last modified date (1750716109) matches the results from the server's (1750716109)
[2025-07-07 21:15:33.070] [DISPLAY] [Main ] [rline_pc] The local file's server last modified time (1750716109) matches the results from the server (1750716109)
[2025-07-07 21:15:33.070] [DISPLAY] [Main ] [rline_pc] The local file's file version (9) matches the file version of the server (9)
[2025-07-07 21:15:33.070] [DISPLAY] [Main ] [rline_pc] The local file's file size (773984) matches the file size of the server (773984)
[2025-07-07 21:15:33.070] [DISPLAY] [Main ] [rline_pc] Cloud File: 'SRDR30002' - Conflict State: 0
[2025-07-07 21:15:33.070] [DISPLAY] [Main ] [rline_pc] Resolving cloud file: 'SRDR30003'
[2025-07-07 21:15:33.070] [DISPLAY] [Main ] [rline_pc] The local file's file was not registered for upload.
[2025-07-07 21:15:33.070] [DISPLAY] [Main ] [rline_pc] The local file had a client last modified date (1750986882) matches the results from the server's (1750986882)
[2025-07-07 21:15:33.070] [DISPLAY] [Main ] [rline_pc] The local file's server last modified time (1750986882) matches the results from the server (1750986882)
[2025-07-07 21:15:33.070] [DISPLAY] [Main ] [rline_pc] The local file's file version (4) matches the file version of the server (4)
[2025-07-07 21:15:33.070] [DISPLAY] [Main ] [rline_pc] The local file's file size (770464) matches the file size of the server (770464)
[2025-07-07 21:15:33.070] [DISPLAY] [Main ] [rline_pc] Cloud File: 'SRDR30003' - Conflict State: 0
[2025-07-07 21:15:33.070] [DISPLAY] [Main ] [rline_pc] Resolving cloud file: 'SRDR30004'
[2025-07-07 21:15:33.070] [DISPLAY] [Main ] [rline_pc] The local file's file was not registered for upload.
[2025-07-07 21:15:33.070] [DISPLAY] [Main ] [rline_pc] The local file had a client last modified date (1751934381) matches the results from the server's (1751934381)
[2025-07-07 21:15:33.070] [DISPLAY] [Main ] [rline_pc] The local file's server last modified time (1751934381) matches the results from the server (1751934381)
[2025-07-07 21:15:33.070] [DISPLAY] [Main ] [rline_pc] The local file's file version (2) matches the file version of the server (2)
[2025-07-07 21:15:33.070] [DISPLAY] [Main ] [rline_pc] The local file's file size (747616) matches the file size of the server (747616)
[2025-07-07 21:15:33.070] [DISPLAY] [Main ] [rline_pc] Cloud File: 'SRDR30004' - Conflict State: 0
[2025-07-07 21:15:33.070] [DISPLAY] [Main ] [rline_pc] Resolving cloud file: 'SRDR30015'
[2025-07-07 21:15:33.070] [DISPLAY] [Main ] [rline_pc] The local file's file was not registered for upload.
[2025-07-07 21:15:33.070] [DISPLAY] [Main ] [rline_pc] The local file had a client last modified date (1751934380) matches the results from the server's (1751934380)
[2025-07-07 21:15:33.070] [DISPLAY] [Main ] [rline_pc] The local file's server last modified time (1751934380) matches the results from the server (1751934380)
[2025-07-07 21:15:33.070] [DISPLAY] [Main ] [rline_pc] The local file's file version (41) matches the file version of the server (41)
[2025-07-07 21:15:33.070] [DISPLAY] [Main ] [rline_pc] The local file's file size (747616) matches the file size of the server (747616)
[2025-07-07 21:15:33.070] [DISPLAY] [Main ] [rline_pc] Cloud File: 'SRDR30015' - Conflict State: 0
[2025-07-07 21:15:33.070] [DISPLAY] [Main ] [rline_pc] Identifying conflicts completed with success (0 total conflicts) (code: 0)
[2025-07-07 21:15:33.088] [DISPLAY] [Main ] [cloudsaveop] Received modification list of cloud save files for title 'rdr2'
[2025-07-07 21:15:33.088] [DISPLAY] [Main ] [cloudsaveop] Retrieving conflict metadata for app 'rdr2'
[2025-07-07 21:15:33.105] [DISPLAY] [Main ] [cloudsaveop] Downloaded conflict metadata for app 'rdr2'
[2025-07-07 21:15:33.105] [DISPLAY] [Main ] [cloudsaveop] Posting updated files for app 'rdr2'
[2025-07-07 21:15:33.105] [DISPLAY] [Main ] [rline_pc] Uploading files to the cloud.
[2025-07-07 21:15:33.105] [DISPLAY] [Main ] [rline_pc] Uploading files completed with success (0 files uploaded) (code: 0)
[2025-07-07 21:15:33.122] [DISPLAY] [Main ] [cloudsaveop] File uploading completed for app 'rdr2'
[2025-07-07 21:15:33.122] [DISPLAY] [Main ] [cloudsaveop] Getting update files for app 'rdr2'
[2025-07-07 21:15:33.122] [DISPLAY] [Main ] [rline_pc] Downloading files from the cloud.
[2025-07-07 21:15:33.122] [DISPLAY] [Main ] [rline_pc] Downloading files completed with success (0 files downloaded) (code: 0)
[2025-07-07 21:15:33.139] [DISPLAY] [Main ] [cloudsaveop] File downloading completed for app 'rdr2'
[2025-07-07 21:15:33.139] [DISPLAY] [Main ] [cloudsaveop] Deleting updated files for app 'rdr2'
[2025-07-07 21:15:33.139] [DISPLAY] [Main ] [rline_pc] Deleting unregistered cloud files
[2025-07-07 21:15:33.139] [DISPLAY] [Main ] [rline_pc] Deleting unregistered cloud files completed with success (0 files deleted) (code: 0)
[2025-07-07 21:15:33.156] [DISPLAY] [Main ] [cloudsaveop] Files deletion completed for app 'rdr2'
[2025-07-07 21:15:33.156] [DISPLAY] [Main ] [cloudsaveop] Swapping updated files in place for app 'rdr2'
[2025-07-07 21:15:33.156] [DISPLAY] [Main ] [rline_pc] Merging cloud files on disk.
[2025-07-07 21:15:33.156] [DISPLAY] [Main ] [rline_pc] Merging cloud files completed with success (0 files merged) (code: 0)
[2025-07-07 21:15:33.173] [DISPLAY] [Main ] [cloudsaveop] Finished syncing cloud saves for app 'rdr2'
[2025-07-07 21:15:33.353] [DISPLAY] [net3 ] [audio] Valid Audio Device: true
[2025-07-07 21:15:33.878] [DISPLAY] [15076] [gamelaunch] Launching game...
[2025-07-07 21:15:33.878] [DISPLAY] [15076] [gamelaunch]  Path: C:\Program Files (x86)\Steam\steamapps\common\Red Dead Redemption 2\RDR2.exe
[2025-07-07 21:15:33.878] [DISPLAY] [15076] [gamelaunch]  Command Line: "C:\Program Files (x86)\Steam\steamapps\common\Red Dead Redemption 2\RDR2.exe" -skipPatcherCheck -steamLocation "C:\Program Files (x86)\Steam\steamapps\common\Red Dead Redemption 2" @args.txt -enableCrashpad -useSteam -steamAppId=1174180 -scCommerceProvider=4 @commandline.txt -fromRGL -scDiscordClientId=643897785271189524 -rglLanguage=en-US
[2025-07-07 21:15:33.878] [DISPLAY] [15076] [gamelaunch]  Working Directory: C:\Program Files (x86)\Steam\steamapps\common\Red Dead Redemption 2
[2025-07-07 21:15:59.378] [DISPLAY] [Main ] [rline_pc] OnChannelConnected - rgsc_gameinst_0 (remoteProcessId 3196)
[2025-07-07 21:16:05.045] [DISPLAY] [Main ] [rline_pc] SetRichPresenceText: Idle in Red Dead Redemption 2
[2025-07-07 21:22:59.150] [DISPLAY] [Main ] [rline_pc] SetRichPresenceText: Playing Red Dead Redemption 2: Moseying in Pronghorn Ranch
[2025-07-07 21:23:59.157] [DISPLAY] [Main ] [rline_pc] SetRichPresenceText: Playing Red Dead Redemption 2: In camp
[2025-07-07 21:32:36.883] [DISPLAY] [Main ] [rline_pc] SetRichPresenceText: Playing Red Dead Redemption 2: Story Mission in Epilogue, Part 1
[2025-07-07 21:49:51.362] [DISPLAY] [Main ] [rline_pc] SetRichPresenceText: Playing Red Dead Redemption 2: Sauntering in Pronghorn Ranch
[2025-07-07 21:50:51.381] [DISPLAY] [Main ] [rline_pc] SetRichPresenceText: Playing Red Dead Redemption 2: Story Mission in Epilogue, Part 1
[2025-07-07 21:54:05.812] [DISPLAY] [Main ] [rline_pc] SetRichPresenceText: Playing Red Dead Redemption 2: Ambling in Pronghorn Ranch
[2025-07-07 21:55:05.806] [DISPLAY] [Main ] [rline_pc] SetRichPresenceText: Playing Red Dead Redemption 2: Story Mission in Epilogue, Part 1
[2025-07-07 22:10:19.581] [DISPLAY] [Main ] [rline_pc] SetRichPresenceText: Playing Red Dead Redemption 2: Moseying in Pronghorn Ranch
[2025-07-07 22:11:19.591] [DISPLAY] [Main ] [rline_pc] SetRichPresenceText: Playing Red Dead Redemption 2: Story Mission in Epilogue, Part 1
[2025-07-07 22:15:24.553] [DISPLAY] [Admin] [idownloader] Starting download of 'https://gamedownloads-rockstargames-com.akamaized.net/public/launcher_online_config.xml'
[2025-07-07 22:15:24.900] [DISPLAY] [Admin] [idownloader] Completed download of 'https://gamedownloads-rockstargames-com.akamaized.net/public/launcher_online_config.xml' (status: 0/200)
[2025-07-07 22:27:44.832] [DISPLAY] [Main ] [rline_pc] SetRichPresenceText: Playing Red Dead Redemption 2: Ambling in Pronghorn Ranch
[2025-07-07 22:28:44.840] [DISPLAY] [Main ] [rline_pc] SetRichPresenceText: Playing Red Dead Redemption 2: Story Mission in Epilogue, Part 1
[2025-07-07 22:38:39.458] [DISPLAY] [Main ] [rline_pc] SetRichPresenceText: Playing Red Dead Redemption 2: Roaming in Pronghorn Ranch
[2025-07-07 22:39:48.246] [DISPLAY] [Main ] [rline_pc] SetRichPresenceText: Playing Red Dead Redemption 2: Roaming in Big Valley
[2025-07-07 22:40:48.268] [DISPLAY] [Main ] [rline_pc] SetRichPresenceText: Playing Red Dead Redemption 2: Roaming in Hanging Dog Ranch
[2025-07-07 22:41:48.281] [DISPLAY] [Main ] [rline_pc] SetRichPresenceText: Playing Red Dead Redemption 2: Roaming in Big Valley
[2025-07-07 22:44:02.406] [DISPLAY] [Main ] [rline_pc] SetRichPresenceText: Playing Red Dead Redemption 2: Roaming in Grizzlies
[2025-07-07 22:45:29.498] [DISPLAY] [Main ] [rline_pc] SetRichPresenceText: Playing Red Dead Redemption 2: Roaming in Heartland
[2025-07-07 22:46:29.489] [DISPLAY] [Main ] [rline_pc] SetRichPresenceText: Playing Red Dead Redemption 2: Roaming in Valentine
[2025-07-07 22:47:29.516] [DISPLAY] [Main ] [rline_pc] SetRichPresenceText: Playing Red Dead Redemption 2: Roaming in Heartland
[2025-07-07 22:48:29.522] [DISPLAY] [Main ] [rline_pc] SetRichPresenceText: Playing Red Dead Redemption 2: Stranger Mission in Epilogue, Part 2
[2025-07-07 22:49:46.038] [DISPLAY] [Main ] [rline_pc] SetRichPresenceText: Playing Red Dead Redemption 2: Moseying in the Wilderness
[2025-07-07 22:53:21.759] [DISPLAY] [Main ] [rline_pc] SetRichPresenceText: Playing Red Dead Redemption 2: Moseying in Valentine
[2025-07-07 22:54:56.013] [DISPLAY] [Main ] [rline_pc] SetRichPresenceText: Playing Red Dead Redemption 2: In a shop
[2025-07-07 22:55:56.019] [DISPLAY] [Main ] [rline_pc] SetRichPresenceText: Playing Red Dead Redemption 2: Ambling in Valentine
[2025-07-07 22:56:56.031] [DISPLAY] [Main ] [rline_pc] SetRichPresenceText: Playing Red Dead Redemption 2: Story Mission in Epilogue, Part 2
[2025-07-07 23:11:04.418] [DISPLAY] [Main ] [rline_pc] SetRichPresenceText: Playing Red Dead Redemption 2: Roaming in the Wilderness
[2025-07-07 23:12:04.459] [DISPLAY] [Main ] [rline_pc] SetRichPresenceText: Playing Red Dead Redemption 2: Roaming in Big Valley
[2025-07-07 23:13:04.445] [DISPLAY] [Main ] [rline_pc] SetRichPresenceText: Playing Red Dead Redemption 2: Roaming in Great Plains
[2025-07-07 23:15:08.965] [DISPLAY] [Main ] [rline_pc] SetRichPresenceText: Playing Red Dead Redemption 2: Roaming in Blackwater
[2025-07-07 23:15:24.911] [DISPLAY] [Admin] [idownloader] Starting download of 'https://gamedownloads-rockstargames-com.akamaized.net/public/launcher_online_config.xml'
[2025-07-07 23:15:25.264] [DISPLAY] [Admin] [idownloader] Completed download of 'https://gamedownloads-rockstargames-com.akamaized.net/public/launcher_online_config.xml' (status: 0/200)
[2025-07-07 23:18:03.055] [DISPLAY] [Main ] [rline_pc] SetRichPresenceText: Playing Red Dead Redemption 2: In a shop
[2025-07-07 23:19:48.434] [DISPLAY] [Main ] [rline_pc] SetRichPresenceText: Playing Red Dead Redemption 2: Moseying in Blackwater
[2025-07-07 23:20:48.437] [DISPLAY] [Main ] [rline_pc] SetRichPresenceText: Playing Red Dead Redemption 2: Story Mission in Epilogue, Part 2
[2025-07-07 23:22:25.629] [DISPLAY] [Main ] [rline_pc] SetRichPresenceText: Playing Red Dead Redemption 2: Tarrying in Blackwater
[2025-07-07 23:28:13.915] [DISPLAY] [Main ] [rline_pc] SetRichPresenceText: Playing Red Dead Redemption 2: Tarrying in Great Plains
[2025-07-07 23:29:52.054] [DISPLAY] [Main ] [rline_pc] SetRichPresenceText: Playing Red Dead Redemption 2: Tarrying in Beechers Hope
[2025-07-07 23:30:52.064] [DISPLAY] [Main ] [rline_pc] SetRichPresenceText: Playing Red Dead Redemption 2: Story Mission in Epilogue, Part 2
[2025-07-07 23:43:45.952] [DISPLAY] [Main ] [rline_pc] SetRichPresenceText: Playing Red Dead Redemption 2: Moseying in Beechers Hope
[2025-07-07 23:44:45.953] [DISPLAY] [Main ] [rline_pc] SetRichPresenceText: Playing Red Dead Redemption 2: Story Mission in Epilogue, Part 2
[2025-07-08 00:06:34.169] [DISPLAY] [Main ] [rline_pc] SetRichPresenceText: Playing Red Dead Redemption 2: Roaming in Beechers Hope
[2025-07-08 00:07:13.621] [DISPLAY] [Main ] [rline_pc] OnChannelError() - rgsc_gameinst_0
[2025-07-08 00:07:13.639] [DISPLAY] [Main ] [rline_pc] Closing remote browser window: 2
[2025-07-08 00:07:13.639] [DISPLAY] [Main ] [rline_pc] SetRichPresenceText: 
[2025-07-08 00:07:14.168] [DISPLAY] [15076] [gamelaunch] Game exited with code 0x0 (0)
[2025-07-08 00:07:14.185] [DISPLAY] [15076] [crashdetection] Reading game exit file...
[2025-07-08 00:07:14.185] [DISPLAY] [15076] [crashdetection] Updating exit code: 0x00000000
[2025-07-08 00:07:14.185] [WARNING] [15076] [crashdetection] Not found: ERROR_FILE_HASH
[2025-07-08 00:07:14.185] [DISPLAY] [15076] [crashdetection] No additional error information found.
[2025-07-08 00:07:14.185] [WARNING] [15076] [crashdetection] Not found: ERROR_MESSAGE
[2025-07-08 00:07:14.185] [DISPLAY] [15076] [crashdetection] No additional error message found.
[2025-07-08 00:07:14.185] [DISPLAY] [15076] [crashdetection] Deleting game exit file...
[2025-07-08 00:07:14.185] [DISPLAY] [15076] [crashdetection] Exit code 0x0 indicates a clean game shutdown
[2025-07-08 00:07:14.200] [DISPLAY] [Main ] [cloudsaveop] Cloud Save sync requested for app 'rdr2'
[2025-07-08 00:07:14.217] [DISPLAY] [Main ] [cloudsaveop] Starting cloud save enabled check for app 'rdr2'
[2025-07-08 00:07:14.219] [DISPLAY] [Main ] [cloudsaveop] Received cloud saves enabled state for app 'rdr2' = enabled
[2025-07-08 00:07:14.219] [DISPLAY] [Main ] [cloudsaveop] Title access token was missing or expired, refreshing access for title 'rdr2'
[2025-07-08 00:07:14.220] [DISPLAY] [Main ] [cloudsaveop] Retrieving access token for title 'rdr2' (13)
[2025-07-08 00:07:14.637] [DISPLAY] [Main ] [cloudsaveop] Identifying potential cloud save conflicts for app 'rdr2'
[2025-07-08 00:07:14.637] [DISPLAY] [Main ] [rline_pc] Identifying conflicts
